2021.01.10 12:36:27 INFO  Started: Metals version 0.9.8 in workspace 'D:\Python Workspace\Visual Studio Code\100daysofcode\100daysofcode' for client vscode.
2021.01.10 12:36:30 INFO  time: initialize in 2.06s
2021.01.10 12:36:32 WARN  Build server is not auto-connectable.
2021.01.10 12:36:32 WARN  no build tool detected in workspace 'D:\Python Workspace\Visual Studio Code\100daysofcode\100daysofcode'. The most common cause for this problem is that the editor was opened in the wrong working directory, for example if you use sbt then the workspace directory should contain build.sbt. 
2021.01.10 12:37:44 INFO  
2021.01.10 12:37:44 INFO  Template applied in D:\Python Workspace\Visual Studio Code\100daysofcode\.\hello-world
2021.01.10 12:37:44 INFO  
2021.01.10 12:37:44 INFO  giter8.Giter8 exit: 0
2021.01.10 12:37:44 INFO  time: ran 'giter8.Giter8' in 9.12s
Jan 10, 2021 12:44:35 PM org.eclipse.lsp4j.jsonrpc.services.GenericEndpoint notify
INFO: Unsupported notification method: $/setTraceNotification
2021.01.11 00:33:49 INFO  shutting down Metals
[0m2021.02.01 10:22:54 INFO  Started: Metals version 0.9.10 in workspace 'D:\Python Workspace\Visual Studio Code\100daysofcode\100daysofcode' for client vscode 1.52.1.[0m
[0m2021.02.01 10:23:00 INFO  time: initialize in 6.13s[0m
[0m2021.02.01 10:23:02 WARN  resetting database: D:\Python Workspace\Visual Studio Code\100daysofcode\100daysofcode\.metals\metals.h2.db[0m
[0m2021.02.01 10:23:03 WARN  Build server is not auto-connectable.[0m
[0m2021.02.01 10:23:03 WARN  no build tool detected in workspace 'D:\Python Workspace\Visual Studio Code\100daysofcode\100daysofcode'. The most common cause for this problem is that the editor was opened in the wrong working directory, for example if you use sbt then the workspace directory should contain build.sbt. [0m
Feb 01, 2021 11:00:54 PM org.eclipse.lsp4j.jsonrpc.services.GenericEndpoint notify
INFO: Unsupported notification method: $/setTraceNotification
[0m2021.02.01 23:02:24 INFO  shutting down Metals[0m
